[debug] [2018-11-23T11:13:26.565Z] ----------------------------------------------------------------------
[debug] [2018-11-23T11:13:26.569Z] Command:       C:\Program Files\nodejs\node.exe C:\Users\Biggy Laoz\AppData\Roaming\npm\node_modules\firebase-tools\lib\bin\firebase.js init
[debug] [2018-11-23T11:13:26.569Z] CLI Version:   6.1.1
[debug] [2018-11-23T11:13:26.569Z] Platform:      win32
[debug] [2018-11-23T11:13:26.569Z] Node Version:  v10.2.1
[debug] [2018-11-23T11:13:26.569Z] Time:          Fri Nov 23 2018 12:13:26 GMT+0100 (W. Central Africa Standard Time)
[debug] [2018-11-23T11:13:26.569Z] ----------------------------------------------------------------------
[debug] 
[debug] [2018-11-23T11:13:26.617Z] > command requires scopes: ["email","openid","https://www.googleapis.com/auth/cloudplatformprojects.readonly","https://www.googleapis.com/auth/firebase","https://www.googleapis.com/auth/cloud-platform"]
[debug] [2018-11-23T11:13:26.619Z] > authorizing via signed-in user
[info] 
     ######## #### ########  ######## ########     ###     ######  ########
     ##        ##  ##     ## ##       ##     ##  ##   ##  ##       ##
     ######    ##  ########  ######   ########  #########  ######  ######
     ##        ##  ##    ##  ##       ##     ## ##     ##       ## ##
     ##       #### ##     ## ######## ########  ##     ##  ######  ########

You're about to initialize a Firebase project in this directory:

  C:\Users\Biggy Laoz\Desktop\Projects\Quick-Pen

[info] 
=== Project Setup
[info] 
[info] First, let's associate this project directory with a Firebase project.
[info] You can create multiple project aliases by running firebase use --add, 
[info] but for now we'll just set up a default project.
[info] 
[debug] [2018-11-23T11:13:47.575Z] > refreshing access token with scopes: ["email","https://www.googleapis.com/auth/cloud-platform","https://www.googleapis.com/auth/cloudplatformprojects.readonly","https://www.googleapis.com/auth/firebase","openid"]
[debug] [2018-11-23T11:13:47.576Z] >>> HTTP REQUEST POST https://www.googleapis.com/oauth2/v3/token  
 <request body omitted>
[debug] [2018-11-23T11:13:48.951Z] <<< HTTP RESPONSE 200
[debug] [2018-11-23T11:13:49.071Z] >>> HTTP REQUEST GET https://firebase.googleapis.com/v1beta1/projects?page_size=100  
 
[debug] [2018-11-23T11:13:49.790Z] <<< HTTP RESPONSE 200
[info] i  Using project alertme-e74ed (alertme)
[info] 
=== Hosting Setup
[info] 
[info] Your public directory is the folder (relative to your project directory) that
[info] will contain Hosting assets to be uploaded with firebase deploy. If you
[info] have a build process for your assets, use your build's output directory.
[info] 
[debug] [2018-11-23T11:14:01.932Z] >>> HTTP REQUEST GET https://www.gstatic.com/firebasejs/releases.json  
 
